[2019-04-09 14:53:51.585] [exthost] [info] extension host started
[2019-04-09 14:53:51.600] [exthost] [info] ExtensionService#_doActivateExtension vscode.debug-auto-launch {"startup":true,"activationEvent":"*"}
[2019-04-09 14:53:51.600] [exthost] [info] ExtensionService#loadCommonJSModule /usr/share/code/resources/app/extensions/debug-auto-launch/dist/extension
[2019-04-09 14:53:51.603] [exthost] [info] ExtensionService#_doActivateExtension vscode.emmet {"startup":true,"activationEvent":"*"}
[2019-04-09 14:53:51.603] [exthost] [info] ExtensionService#loadCommonJSModule /usr/share/code/resources/app/extensions/emmet/dist/extension
[2019-04-09 14:53:51.613] [exthost] [info] ExtensionService#_doActivateExtension vscode.git {"startup":true,"activationEvent":"*"}
[2019-04-09 14:53:51.613] [exthost] [info] ExtensionService#loadCommonJSModule /usr/share/code/resources/app/extensions/git/dist/main
[2019-04-09 14:53:51.676] [exthost] [info] ExtensionService#_doActivateExtension vscode.merge-conflict {"startup":true,"activationEvent":"*"}
[2019-04-09 14:53:51.676] [exthost] [info] ExtensionService#loadCommonJSModule /usr/share/code/resources/app/extensions/merge-conflict/dist/extension
[2019-04-09 14:53:51.679] [exthost] [info] ExtensionService#_doActivateExtension dbaeumer.vscode-eslint {"startup":true,"activationEvent":"*"}
[2019-04-09 14:53:51.679] [exthost] [info] ExtensionService#loadCommonJSModule /home/rhomennik/.vscode/extensions/dbaeumer.vscode-eslint-1.8.2/client/out/extension
[2019-04-09 14:53:51.706] [exthost] [info] ExtensionService#_doActivateExtension esbenp.prettier-vscode {"startup":true,"activationEvent":"*"}
[2019-04-09 14:53:51.706] [exthost] [info] ExtensionService#loadCommonJSModule /home/rhomennik/.vscode/extensions/esbenp.prettier-vscode-1.8.1/out/src/extension
[2019-04-09 14:53:51.808] [exthost] [info] ExtensionService#_doActivateExtension formulahendry.auto-rename-tag {"startup":true,"activationEvent":"*"}
[2019-04-09 14:53:51.808] [exthost] [info] ExtensionService#loadCommonJSModule /home/rhomennik/.vscode/extensions/formulahendry.auto-rename-tag-0.0.15/out/src/extension
[2019-04-09 14:53:51.809] [exthost] [info] ExtensionService#_doActivateExtension formulahendry.terminal {"startup":true,"activationEvent":"*"}
[2019-04-09 14:53:51.809] [exthost] [info] ExtensionService#loadCommonJSModule /home/rhomennik/.vscode/extensions/formulahendry.terminal-0.0.10/out/src/extension
[2019-04-09 14:53:51.819] [exthost] [info] ExtensionService#_doActivateExtension PKief.material-icon-theme {"startup":true,"activationEvent":"*"}
[2019-04-09 14:53:51.819] [exthost] [info] ExtensionService#loadCommonJSModule /home/rhomennik/.vscode/extensions/pkief.material-icon-theme-3.7.0/dist/extension
[2019-04-09 14:53:51.832] [exthost] [info] eager extensions activated
